{"/home/mkd/Programacion/Bastion_Proyect/qrypta/cliente_web/src/App.tsx": {"path":"/home/mkd/Programacion/Bastion_Proyect/qrypta/cliente_web/src/App.tsx","statementMap":{"0":{"start":{"line":40,"column":38},"end":{"line":59,"column":null}},"1":{"start":{"line":61,"column":23},"end":{"line":61,"column":null}},"2":{"start":{"line":63,"column":23},"end":{"line":66,"column":2}},"3":{"start":{"line":69,"column":18},"end":{"line":69,"column":101}},"4":{"start":{"line":70,"column":8},"end":{"line":70,"column":71}},"5":{"start":{"line":70,"column":49},"end":{"line":70,"column":71}},"6":{"start":{"line":71,"column":8},"end":{"line":71,"column":77}},"7":{"start":{"line":71,"column":52},"end":{"line":71,"column":77}},"8":{"start":{"line":72,"column":16},"end":{"line":72,"column":40}},"9":{"start":{"line":73,"column":19},"end":{"line":73,"column":73}},"10":{"start":{"line":74,"column":25},"end":{"line":74,"column":73}},"11":{"start":{"line":75,"column":32},"end":{"line":75,"column":82}},"12":{"start":{"line":76,"column":23},"end":{"line":76,"column":57}},"13":{"start":{"line":77,"column":25},"end":{"line":77,"column":109}},"14":{"start":{"line":78,"column":16},"end":{"line":78,"column":62}},"15":{"start":{"line":79,"column":18},"end":{"line":84,"column":4}},"16":{"start":{"line":85,"column":23},"end":{"line":85,"column":89}},"17":{"start":{"line":86,"column":22},"end":{"line":86,"column":67}},"18":{"start":{"line":87,"column":24},"end":{"line":87,"column":56}},"19":{"start":{"line":88,"column":27},"end":{"line":88,"column":62}},"20":{"start":{"line":89,"column":20},"end":{"line":89,"column":65}},"21":{"start":{"line":90,"column":21},"end":{"line":90,"column":69}},"22":{"start":{"line":92,"column":10},"end":{"line":92,"column":36}},"23":{"start":{"line":93,"column":83},"end":{"line":93,"column":103}},"24":{"start":{"line":94,"column":10},"end":{"line":94,"column":30}},"25":{"start":{"line":96,"column":8},"end":{"line":96,"column":46}},"26":{"start":{"line":97,"column":8},"end":{"line":97,"column":49}},"27":{"start":{"line":99,"column":8},"end":{"line":109,"column":null}},"28":{"start":{"line":101,"column":6},"end":{"line":108,"column":null}},"29":{"start":{"line":101,"column":27},"end":{"line":101,"column":53}},"30":{"start":{"line":112,"column":22},"end":{"line":112,"column":null}},"31":{"start":{"line":114,"column":2},"end":{"line":134,"column":null}},"32":{"start":{"line":115,"column":15},"end":{"line":115,"column":35}},"33":{"start":{"line":116,"column":4},"end":{"line":116,"column":null}},"34":{"start":{"line":118,"column":4},"end":{"line":120,"column":null}},"35":{"start":{"line":119,"column":6},"end":{"line":119,"column":null}},"36":{"start":{"line":122,"column":4},"end":{"line":124,"column":null}},"37":{"start":{"line":123,"column":6},"end":{"line":123,"column":null}},"38":{"start":{"line":126,"column":4},"end":{"line":128,"column":null}},"39":{"start":{"line":127,"column":6},"end":{"line":127,"column":null}},"40":{"start":{"line":127,"column":38},"end":{"line":127,"column":86}},"41":{"start":{"line":130,"column":4},"end":{"line":132,"column":null}},"42":{"start":{"line":131,"column":6},"end":{"line":131,"column":null}},"43":{"start":{"line":132,"column":6},"end":{"line":132,"column":null}},"44":{"start":{"line":136,"column":2},"end":{"line":142,"column":null}},"45":{"start":{"line":137,"column":4},"end":{"line":139,"column":null}},"46":{"start":{"line":138,"column":6},"end":{"line":139,"column":null}},"47":{"start":{"line":139,"column":8},"end":{"line":139,"column":null}},"48":{"start":{"line":144,"column":2},"end":{"line":162,"column":null}},"49":{"start":{"line":145,"column":10},"end":{"line":147,"column":null}},"50":{"start":{"line":146,"column":6},"end":{"line":146,"column":null}},"51":{"start":{"line":147,"column":6},"end":{"line":147,"column":null}},"52":{"start":{"line":150,"column":10},"end":{"line":150,"column":48}},"53":{"start":{"line":150,"column":27},"end":{"line":150,"column":48}},"54":{"start":{"line":151,"column":10},"end":{"line":151,"column":48}},"55":{"start":{"line":151,"column":28},"end":{"line":151,"column":48}},"56":{"start":{"line":153,"column":4},"end":{"line":153,"column":null}},"57":{"start":{"line":154,"column":4},"end":{"line":154,"column":null}},"58":{"start":{"line":155,"column":4},"end":{"line":155,"column":null}},"59":{"start":{"line":157,"column":4},"end":{"line":160,"column":null}},"60":{"start":{"line":158,"column":6},"end":{"line":158,"column":null}},"61":{"start":{"line":159,"column":6},"end":{"line":159,"column":null}},"62":{"start":{"line":160,"column":6},"end":{"line":160,"column":null}},"63":{"start":{"line":164,"column":8},"end":{"line":164,"column":75}},"64":{"start":{"line":164,"column":38},"end":{"line":164,"column":75}},"65":{"start":{"line":164,"column":57},"end":{"line":164,"column":75}},"66":{"start":{"line":166,"column":8},"end":{"line":174,"column":null}},"67":{"start":{"line":167,"column":4},"end":{"line":167,"column":null}},"68":{"start":{"line":168,"column":4},"end":{"line":168,"column":null}},"69":{"start":{"line":169,"column":4},"end":{"line":170,"column":null}},"70":{"start":{"line":170,"column":6},"end":{"line":170,"column":null}},"71":{"start":{"line":172,"column":4},"end":{"line":174,"column":null}},"72":{"start":{"line":173,"column":6},"end":{"line":173,"column":null}},"73":{"start":{"line":177,"column":8},"end":{"line":178,"column":null}},"74":{"start":{"line":178,"column":4},"end":{"line":178,"column":null}},"75":{"start":{"line":178,"column":39},"end":{"line":178,"column":74}},"76":{"start":{"line":182,"column":4},"end":{"line":186,"column":null}},"77":{"start":{"line":188,"column":22},"end":{"line":194,"column":null}},"78":{"start":{"line":189,"column":4},"end":{"line":190,"column":null}},"79":{"start":{"line":190,"column":6},"end":{"line":190,"column":null}},"80":{"start":{"line":192,"column":4},"end":{"line":192,"column":null}},"81":{"start":{"line":193,"column":4},"end":{"line":193,"column":null}},"82":{"start":{"line":194,"column":4},"end":{"line":194,"column":null}},"83":{"start":{"line":197,"column":22},"end":{"line":217,"column":null}},"84":{"start":{"line":198,"column":4},"end":{"line":200,"column":null}},"85":{"start":{"line":199,"column":6},"end":{"line":199,"column":null}},"86":{"start":{"line":200,"column":6},"end":{"line":200,"column":null}},"87":{"start":{"line":203,"column":23},"end":{"line":203,"column":61}},"88":{"start":{"line":204,"column":4},"end":{"line":206,"column":null}},"89":{"start":{"line":205,"column":6},"end":{"line":205,"column":null}},"90":{"start":{"line":206,"column":6},"end":{"line":206,"column":null}},"91":{"start":{"line":209,"column":4},"end":{"line":209,"column":null}},"92":{"start":{"line":211,"column":4},"end":{"line":217,"column":null}},"93":{"start":{"line":212,"column":27},"end":{"line":212,"column":null}},"94":{"start":{"line":213,"column":6},"end":{"line":217,"column":null}},"95":{"start":{"line":221,"column":2},"end":{"line":572,"column":null}},"96":{"start":{"line":234,"column":27},"end":{"line":234,"column":46}},"97":{"start":{"line":241,"column":27},"end":{"line":241,"column":50}},"98":{"start":{"line":248,"column":27},"end":{"line":248,"column":53}},"99":{"start":{"line":255,"column":27},"end":{"line":255,"column":48}},"100":{"start":{"line":292,"column":16},"end":{"line":312,"column":null}},"101":{"start":{"line":299,"column":37},"end":{"line":299,"column":105}},"102":{"start":{"line":300,"column":36},"end":{"line":300,"column":61}},"103":{"start":{"line":301,"column":39},"end":{"line":301,"column":66}},"104":{"start":{"line":302,"column":24},"end":{"line":302,"column":null}},"105":{"start":{"line":303,"column":24},"end":{"line":303,"column":null}},"106":{"start":{"line":304,"column":24},"end":{"line":304,"column":null}},"107":{"start":{"line":305,"column":24},"end":{"line":305,"column":null}},"108":{"start":{"line":321,"column":16},"end":{"line":321,"column":null}},"109":{"start":{"line":322,"column":16},"end":{"line":322,"column":null}},"110":{"start":{"line":322,"column":34},"end":{"line":322,"column":null}},"111":{"start":{"line":324,"column":30},"end":{"line":324,"column":null}},"112":{"start":{"line":325,"column":34},"end":{"line":325,"column":61}},"113":{"start":{"line":326,"column":34},"end":{"line":326,"column":65}},"114":{"start":{"line":327,"column":27},"end":{"line":327,"column":46}},"115":{"start":{"line":329,"column":16},"end":{"line":329,"column":null}},"116":{"start":{"line":331,"column":16},"end":{"line":345,"column":null}},"117":{"start":{"line":331,"column":38},"end":{"line":344,"column":null}},"118":{"start":{"line":347,"column":16},"end":{"line":347,"column":null}},"119":{"start":{"line":349,"column":16},"end":{"line":349,"column":null}},"120":{"start":{"line":350,"column":16},"end":{"line":350,"column":null}},"121":{"start":{"line":351,"column":16},"end":{"line":351,"column":null}},"122":{"start":{"line":356,"column":37},"end":{"line":356,"column":65}},"123":{"start":{"line":363,"column":20},"end":{"line":365,"column":null}},"124":{"start":{"line":363,"column":69},"end":{"line":363,"column":84}},"125":{"start":{"line":373,"column":41},"end":{"line":373,"column":null}},"126":{"start":{"line":392,"column":56},"end":{"line":392,"column":88}},"127":{"start":{"line":404,"column":37},"end":{"line":404,"column":null}},"128":{"start":{"line":404,"column":59},"end":{"line":404,"column":null}},"129":{"start":{"line":412,"column":18},"end":{"line":415,"column":null}},"130":{"start":{"line":412,"column":40},"end":{"line":415,"column":null}},"131":{"start":{"line":425,"column":18},"end":{"line":428,"column":null}},"132":{"start":{"line":425,"column":40},"end":{"line":428,"column":null}},"133":{"start":{"line":438,"column":18},"end":{"line":441,"column":null}},"134":{"start":{"line":438,"column":40},"end":{"line":441,"column":null}},"135":{"start":{"line":452,"column":37},"end":{"line":452,"column":73}},"136":{"start":{"line":461,"column":18},"end":{"line":466,"column":null}},"137":{"start":{"line":462,"column":20},"end":{"line":462,"column":null}},"138":{"start":{"line":463,"column":30},"end":{"line":463,"column":40}},"139":{"start":{"line":464,"column":20},"end":{"line":464,"column":null}},"140":{"start":{"line":466,"column":20},"end":{"line":466,"column":null}},"141":{"start":{"line":476,"column":18},"end":{"line":480,"column":null}},"142":{"start":{"line":477,"column":20},"end":{"line":477,"column":null}},"143":{"start":{"line":478,"column":20},"end":{"line":478,"column":null}},"144":{"start":{"line":480,"column":20},"end":{"line":480,"column":null}},"145":{"start":{"line":490,"column":18},"end":{"line":494,"column":null}},"146":{"start":{"line":491,"column":20},"end":{"line":491,"column":null}},"147":{"start":{"line":492,"column":20},"end":{"line":492,"column":null}},"148":{"start":{"line":494,"column":20},"end":{"line":494,"column":null}},"149":{"start":{"line":504,"column":18},"end":{"line":508,"column":null}},"150":{"start":{"line":505,"column":20},"end":{"line":505,"column":null}},"151":{"start":{"line":506,"column":20},"end":{"line":506,"column":null}},"152":{"start":{"line":508,"column":20},"end":{"line":508,"column":null}},"153":{"start":{"line":517,"column":67},"end":{"line":517,"column":75}},"154":{"start":{"line":533,"column":39},"end":{"line":533,"column":61}},"155":{"start":{"line":539,"column":12},"end":{"line":539,"column":null}},"156":{"start":{"line":552,"column":12},"end":{"line":570,"column":null}},"157":{"start":{"line":556,"column":31},"end":{"line":556,"column":63}}},"fnMap":{"0":{"name":"App","decl":{"start":{"line":68,"column":9},"end":{"line":68,"column":15}},"loc":{"start":{"line":68,"column":15},"end":{"line":572,"column":null}},"line":68},"1":{"name":"(anonymous_1)","decl":{"start":{"line":70,"column":27},"end":{"line":70,"column":39}},"loc":{"start":{"line":70,"column":49},"end":{"line":70,"column":71}},"line":70},"2":{"name":"(anonymous_2)","decl":{"start":{"line":71,"column":30},"end":{"line":71,"column":42}},"loc":{"start":{"line":71,"column":52},"end":{"line":71,"column":77}},"line":71},"3":{"name":"(anonymous_3)","decl":{"start":{"line":99,"column":25},"end":{"line":99,"column":null}},"loc":{"start":{"line":101,"column":6},"end":{"line":108,"column":null}},"line":101},"4":{"name":"(anonymous_4)","decl":{"start":{"line":101,"column":15},"end":{"line":101,"column":21}},"loc":{"start":{"line":101,"column":27},"end":{"line":101,"column":53}},"line":101},"5":{"name":"(anonymous_5)","decl":{"start":{"line":114,"column":2},"end":{"line":114,"column":18}},"loc":{"start":{"line":114,"column":18},"end":{"line":134,"column":6}},"line":114},"6":{"name":"(anonymous_6)","decl":{"start":{"line":118,"column":24},"end":{"line":118,"column":38}},"loc":{"start":{"line":118,"column":38},"end":{"line":120,"column":null}},"line":118},"7":{"name":"(anonymous_7)","decl":{"start":{"line":122,"column":24},"end":{"line":122,"column":39}},"loc":{"start":{"line":122,"column":39},"end":{"line":124,"column":null}},"line":122},"8":{"name":"(anonymous_8)","decl":{"start":{"line":126,"column":24},"end":{"line":126,"column":39}},"loc":{"start":{"line":126,"column":39},"end":{"line":128,"column":null}},"line":126},"9":{"name":"(anonymous_9)","decl":{"start":{"line":127,"column":6},"end":{"line":127,"column":25}},"loc":{"start":{"line":127,"column":38},"end":{"line":127,"column":86}},"line":127},"10":{"name":"(anonymous_10)","decl":{"start":{"line":130,"column":4},"end":{"line":130,"column":17}},"loc":{"start":{"line":130,"column":17},"end":{"line":132,"column":null}},"line":130},"11":{"name":"(anonymous_11)","decl":{"start":{"line":136,"column":2},"end":{"line":136,"column":18}},"loc":{"start":{"line":136,"column":18},"end":{"line":142,"column":7}},"line":136},"12":{"name":"(anonymous_12)","decl":{"start":{"line":137,"column":4},"end":{"line":137,"column":17}},"loc":{"start":{"line":137,"column":17},"end":{"line":139,"column":null}},"line":137},"13":{"name":"(anonymous_13)","decl":{"start":{"line":144,"column":2},"end":{"line":144,"column":18}},"loc":{"start":{"line":144,"column":18},"end":{"line":162,"column":7}},"line":144},"14":{"name":"(anonymous_14)","decl":{"start":{"line":145,"column":10},"end":{"line":145,"column":29}},"loc":{"start":{"line":145,"column":46},"end":{"line":147,"column":null}},"line":145},"15":{"name":"(anonymous_15)","decl":{"start":{"line":150,"column":10},"end":{"line":150,"column":27}},"loc":{"start":{"line":150,"column":27},"end":{"line":150,"column":48}},"line":150},"16":{"name":"(anonymous_16)","decl":{"start":{"line":151,"column":10},"end":{"line":151,"column":28}},"loc":{"start":{"line":151,"column":28},"end":{"line":151,"column":48}},"line":151},"17":{"name":"(anonymous_17)","decl":{"start":{"line":157,"column":4},"end":{"line":157,"column":17}},"loc":{"start":{"line":157,"column":17},"end":{"line":160,"column":null}},"line":157},"18":{"name":"(anonymous_18)","decl":{"start":{"line":164,"column":8},"end":{"line":164,"column":20}},"loc":{"start":{"line":164,"column":38},"end":{"line":164,"column":75}},"line":164},"19":{"name":"(anonymous_19)","decl":{"start":{"line":164,"column":38},"end":{"line":164,"column":48}},"loc":{"start":{"line":164,"column":57},"end":{"line":164,"column":75}},"line":164},"20":{"name":"(anonymous_20)","decl":{"start":{"line":166,"column":8},"end":{"line":166,"column":20}},"loc":{"start":{"line":166,"column":38},"end":{"line":174,"column":null}},"line":166},"21":{"name":"(anonymous_21)","decl":{"start":{"line":172,"column":33},"end":{"line":172,"column":50}},"loc":{"start":{"line":172,"column":50},"end":{"line":174,"column":11}},"line":172},"22":{"name":"(anonymous_22)","decl":{"start":{"line":177,"column":8},"end":{"line":177,"column":25}},"loc":{"start":{"line":177,"column":50},"end":{"line":178,"column":null}},"line":177},"23":{"name":"(anonymous_23)","decl":{"start":{"line":178,"column":4},"end":{"line":178,"column":30}},"loc":{"start":{"line":178,"column":39},"end":{"line":178,"column":74}},"line":178},"24":{"name":"(anonymous_24)","decl":{"start":{"line":188,"column":22},"end":{"line":188,"column":34}},"loc":{"start":{"line":188,"column":34},"end":{"line":194,"column":null}},"line":188},"25":{"name":"(anonymous_25)","decl":{"start":{"line":197,"column":22},"end":{"line":197,"column":34}},"loc":{"start":{"line":197,"column":34},"end":{"line":217,"column":null}},"line":197},"26":{"name":"(anonymous_26)","decl":{"start":{"line":234,"column":12},"end":{"line":234,"column":27}},"loc":{"start":{"line":234,"column":27},"end":{"line":234,"column":46}},"line":234},"27":{"name":"(anonymous_27)","decl":{"start":{"line":241,"column":12},"end":{"line":241,"column":27}},"loc":{"start":{"line":241,"column":27},"end":{"line":241,"column":50}},"line":241},"28":{"name":"(anonymous_28)","decl":{"start":{"line":248,"column":12},"end":{"line":248,"column":27}},"loc":{"start":{"line":248,"column":27},"end":{"line":248,"column":53}},"line":248},"29":{"name":"(anonymous_29)","decl":{"start":{"line":255,"column":12},"end":{"line":255,"column":27}},"loc":{"start":{"line":255,"column":27},"end":{"line":255,"column":48}},"line":255},"30":{"name":"(anonymous_30)","decl":{"start":{"line":291,"column":24},"end":{"line":291,"column":29}},"loc":{"start":{"line":292,"column":16},"end":{"line":312,"column":null}},"line":292},"31":{"name":"(anonymous_31)","decl":{"start":{"line":298,"column":22},"end":{"line":298,"column":37}},"loc":{"start":{"line":298,"column":37},"end":{"line":305,"column":null}},"line":298},"32":{"name":"(anonymous_32)","decl":{"start":{"line":320,"column":24},"end":{"line":320,"column":31}},"loc":{"start":{"line":320,"column":41},"end":{"line":351,"column":null}},"line":320},"33":{"name":"(anonymous_33)","decl":{"start":{"line":331,"column":16},"end":{"line":331,"column":29}},"loc":{"start":{"line":331,"column":38},"end":{"line":344,"column":null}},"line":331},"34":{"name":"(anonymous_34)","decl":{"start":{"line":356,"column":16},"end":{"line":356,"column":27}},"loc":{"start":{"line":356,"column":37},"end":{"line":356,"column":65}},"line":356},"35":{"name":"(anonymous_35)","decl":{"start":{"line":362,"column":34},"end":{"line":362,"column":39}},"loc":{"start":{"line":363,"column":20},"end":{"line":365,"column":null}},"line":363},"36":{"name":"(anonymous_36)","decl":{"start":{"line":363,"column":54},"end":{"line":363,"column":69}},"loc":{"start":{"line":363,"column":69},"end":{"line":363,"column":84}},"line":363},"37":{"name":"(anonymous_37)","decl":{"start":{"line":373,"column":20},"end":{"line":373,"column":31}},"loc":{"start":{"line":373,"column":41},"end":{"line":373,"column":null}},"line":373},"38":{"name":"(anonymous_38)","decl":{"start":{"line":392,"column":35},"end":{"line":392,"column":46}},"loc":{"start":{"line":392,"column":56},"end":{"line":392,"column":88}},"line":392},"39":{"name":"(anonymous_39)","decl":{"start":{"line":404,"column":16},"end":{"line":404,"column":27}},"loc":{"start":{"line":404,"column":37},"end":{"line":404,"column":null}},"line":404},"40":{"name":"(anonymous_40)","decl":{"start":{"line":404,"column":37},"end":{"line":404,"column":49}},"loc":{"start":{"line":404,"column":59},"end":{"line":404,"column":null}},"line":404},"41":{"name":"(anonymous_41)","decl":{"start":{"line":411,"column":16},"end":{"line":411,"column":27}},"loc":{"start":{"line":412,"column":18},"end":{"line":415,"column":null}},"line":412},"42":{"name":"(anonymous_42)","decl":{"start":{"line":412,"column":18},"end":{"line":412,"column":30}},"loc":{"start":{"line":412,"column":40},"end":{"line":415,"column":null}},"line":412},"43":{"name":"(anonymous_43)","decl":{"start":{"line":424,"column":16},"end":{"line":424,"column":27}},"loc":{"start":{"line":425,"column":18},"end":{"line":428,"column":null}},"line":425},"44":{"name":"(anonymous_44)","decl":{"start":{"line":425,"column":18},"end":{"line":425,"column":30}},"loc":{"start":{"line":425,"column":40},"end":{"line":428,"column":null}},"line":425},"45":{"name":"(anonymous_45)","decl":{"start":{"line":437,"column":16},"end":{"line":437,"column":27}},"loc":{"start":{"line":438,"column":18},"end":{"line":441,"column":null}},"line":438},"46":{"name":"(anonymous_46)","decl":{"start":{"line":438,"column":18},"end":{"line":438,"column":30}},"loc":{"start":{"line":438,"column":40},"end":{"line":441,"column":null}},"line":438},"47":{"name":"(anonymous_47)","decl":{"start":{"line":452,"column":16},"end":{"line":452,"column":27}},"loc":{"start":{"line":452,"column":37},"end":{"line":452,"column":73}},"line":452},"48":{"name":"(anonymous_48)","decl":{"start":{"line":460,"column":16},"end":{"line":460,"column":31}},"loc":{"start":{"line":460,"column":31},"end":{"line":466,"column":null}},"line":460},"49":{"name":"(anonymous_49)","decl":{"start":{"line":475,"column":16},"end":{"line":475,"column":31}},"loc":{"start":{"line":475,"column":31},"end":{"line":480,"column":null}},"line":475},"50":{"name":"(anonymous_50)","decl":{"start":{"line":489,"column":16},"end":{"line":489,"column":31}},"loc":{"start":{"line":489,"column":31},"end":{"line":494,"column":null}},"line":489},"51":{"name":"(anonymous_51)","decl":{"start":{"line":503,"column":25},"end":{"line":503,"column":37}},"loc":{"start":{"line":503,"column":37},"end":{"line":508,"column":null}},"line":503},"52":{"name":"(anonymous_52)","decl":{"start":{"line":517,"column":52},"end":{"line":517,"column":67}},"loc":{"start":{"line":517,"column":67},"end":{"line":517,"column":75}},"line":517},"53":{"name":"(anonymous_53)","decl":{"start":{"line":533,"column":25},"end":{"line":533,"column":33}},"loc":{"start":{"line":533,"column":39},"end":{"line":533,"column":61}},"line":533},"54":{"name":"(anonymous_54)","decl":{"start":{"line":538,"column":33},"end":{"line":538,"column":38}},"loc":{"start":{"line":539,"column":12},"end":{"line":539,"column":null}},"line":539},"55":{"name":"(anonymous_55)","decl":{"start":{"line":551,"column":20},"end":{"line":551,"column":25}},"loc":{"start":{"line":552,"column":12},"end":{"line":570,"column":null}},"line":552},"56":{"name":"(anonymous_56)","decl":{"start":{"line":556,"column":16},"end":{"line":556,"column":31}},"loc":{"start":{"line":556,"column":31},"end":{"line":556,"column":63}},"line":556}},"branchMap":{"0":{"loc":{"start":{"line":101,"column":6},"end":{"line":108,"column":null}},"type":"binary-expr","locations":[{"start":{"line":101,"column":6},"end":{"line":101,"column":53}},{"start":{"line":101,"column":57},"end":{"line":108,"column":null}}],"line":101},"1":{"loc":{"start":{"line":112,"column":22},"end":{"line":112,"column":null}},"type":"binary-expr","locations":[{"start":{"line":112,"column":22},"end":{"line":112,"column":49}},{"start":{"line":112,"column":49},"end":{"line":112,"column":null}}],"line":112},"2":{"loc":{"start":{"line":127,"column":38},"end":{"line":127,"column":86}},"type":"cond-expr","locations":[{"start":{"line":127,"column":64},"end":{"line":127,"column":77}},{"start":{"line":127,"column":77},"end":{"line":127,"column":86}}],"line":127},"3":{"loc":{"start":{"line":138,"column":6},"end":{"line":139,"column":null}},"type":"if","locations":[{"start":{"line":138,"column":6},"end":{"line":139,"column":null}},{"start":{},"end":{}}],"line":138},"4":{"loc":{"start":{"line":169,"column":4},"end":{"line":170,"column":null}},"type":"if","locations":[{"start":{"line":169,"column":4},"end":{"line":170,"column":null}},{"start":{},"end":{}}],"line":169},"5":{"loc":{"start":{"line":182,"column":4},"end":{"line":186,"column":null}},"type":"cond-expr","locations":[{"start":{"line":183,"column":8},"end":{"line":183,"column":null}},{"start":{"line":184,"column":8},"end":{"line":186,"column":null}}],"line":182},"6":{"loc":{"start":{"line":184,"column":8},"end":{"line":186,"column":null}},"type":"cond-expr","locations":[{"start":{"line":185,"column":10},"end":{"line":185,"column":null}},{"start":{"line":186,"column":10},"end":{"line":186,"column":null}}],"line":184},"7":{"loc":{"start":{"line":189,"column":4},"end":{"line":190,"column":null}},"type":"if","locations":[{"start":{"line":189,"column":4},"end":{"line":190,"column":null}},{"start":{},"end":{}}],"line":189},"8":{"loc":{"start":{"line":198,"column":4},"end":{"line":200,"column":null}},"type":"if","locations":[{"start":{"line":198,"column":4},"end":{"line":200,"column":null}},{"start":{},"end":{}}],"line":198},"9":{"loc":{"start":{"line":204,"column":4},"end":{"line":206,"column":null}},"type":"if","locations":[{"start":{"line":204,"column":4},"end":{"line":206,"column":null}},{"start":{},"end":{}}],"line":204},"10":{"loc":{"start":{"line":211,"column":4},"end":{"line":217,"column":null}},"type":"if","locations":[{"start":{"line":211,"column":4},"end":{"line":217,"column":null}},{"start":{},"end":{}}],"line":211},"11":{"loc":{"start":{"line":232,"column":36},"end":{"line":232,"column":null}},"type":"cond-expr","locations":[{"start":{"line":232,"column":58},"end":{"line":232,"column":69}},{"start":{"line":232,"column":69},"end":{"line":232,"column":null}}],"line":232},"12":{"loc":{"start":{"line":239,"column":36},"end":{"line":239,"column":null}},"type":"cond-expr","locations":[{"start":{"line":239,"column":62},"end":{"line":239,"column":73}},{"start":{"line":239,"column":73},"end":{"line":239,"column":null}}],"line":239},"13":{"loc":{"start":{"line":246,"column":36},"end":{"line":246,"column":null}},"type":"cond-expr","locations":[{"start":{"line":246,"column":65},"end":{"line":246,"column":76}},{"start":{"line":246,"column":76},"end":{"line":246,"column":null}}],"line":246},"14":{"loc":{"start":{"line":253,"column":36},"end":{"line":253,"column":null}},"type":"cond-expr","locations":[{"start":{"line":253,"column":60},"end":{"line":253,"column":71}},{"start":{"line":253,"column":71},"end":{"line":253,"column":null}}],"line":253},"15":{"loc":{"start":{"line":266,"column":18},"end":{"line":266,"column":85}},"type":"cond-expr","locations":[{"start":{"line":266,"column":32},"end":{"line":266,"column":56}},{"start":{"line":266,"column":56},"end":{"line":266,"column":85}}],"line":266},"16":{"loc":{"start":{"line":267,"column":18},"end":{"line":267,"column":92}},"type":"cond-expr","locations":[{"start":{"line":267,"column":36},"end":{"line":267,"column":59}},{"start":{"line":267,"column":59},"end":{"line":267,"column":92}}],"line":267},"17":{"loc":{"start":{"line":268,"column":18},"end":{"line":268,"column":43}},"type":"binary-expr","locations":[{"start":{"line":268,"column":18},"end":{"line":268,"column":41}},{"start":{"line":268,"column":41},"end":{"line":268,"column":43}}],"line":268},"18":{"loc":{"start":{"line":269,"column":11},"end":{"line":273,"column":null}},"type":"cond-expr","locations":[{"start":{"line":270,"column":12},"end":{"line":273,"column":null}},{"start":{"line":273,"column":14},"end":{"line":273,"column":null}}],"line":269},"19":{"loc":{"start":{"line":283,"column":35},"end":{"line":283,"column":null}},"type":"cond-expr","locations":[{"start":{"line":283,"column":72},"end":{"line":283,"column":77}},{"start":{"line":283,"column":77},"end":{"line":283,"column":null}}],"line":283},"20":{"loc":{"start":{"line":288,"column":9},"end":{"line":384,"column":null}},"type":"cond-expr","locations":[{"start":{"line":289,"column":10},"end":{"line":383,"column":null}},{"start":{"line":384,"column":12},"end":{"line":384,"column":null}}],"line":288},"21":{"loc":{"start":{"line":292,"column":59},"end":{"line":292,"column":null}},"type":"cond-expr","locations":[{"start":{"line":292,"column":78},"end":{"line":292,"column":91}},{"start":{"line":292,"column":91},"end":{"line":292,"column":null}}],"line":292},"22":{"loc":{"start":{"line":294,"column":19},"end":{"line":310,"column":null}},"type":"cond-expr","locations":[{"start":{"line":295,"column":20},"end":{"line":310,"column":null}},{"start":{"line":310,"column":22},"end":{"line":310,"column":null}}],"line":294},"23":{"loc":{"start":{"line":299,"column":47},"end":{"line":299,"column":80}},"type":"binary-expr","locations":[{"start":{"line":299,"column":47},"end":{"line":299,"column":77}},{"start":{"line":299,"column":77},"end":{"line":299,"column":80}}],"line":299},"24":{"loc":{"start":{"line":303,"column":42},"end":{"line":303,"column":null}},"type":"binary-expr","locations":[{"start":{"line":303,"column":42},"end":{"line":303,"column":69}},{"start":{"line":303,"column":69},"end":{"line":303,"column":null}}],"line":303},"25":{"loc":{"start":{"line":316,"column":13},"end":{"line":316,"column":null}},"type":"cond-expr","locations":[{"start":{"line":316,"column":28},"end":{"line":316,"column":null}},{"start":{"line":316,"column":87},"end":{"line":316,"column":null}}],"line":316},"26":{"loc":{"start":{"line":322,"column":16},"end":{"line":322,"column":null}},"type":"if","locations":[{"start":{"line":322,"column":16},"end":{"line":322,"column":null}},{"start":{},"end":{}}],"line":322},"27":{"loc":{"start":{"line":324,"column":30},"end":{"line":324,"column":null}},"type":"binary-expr","locations":[{"start":{"line":324,"column":30},"end":{"line":324,"column":39}},{"start":{"line":324,"column":39},"end":{"line":324,"column":null}}],"line":324},"28":{"loc":{"start":{"line":337,"column":29},"end":{"line":342,"column":null}},"type":"cond-expr","locations":[{"start":{"line":338,"column":24},"end":{"line":341,"column":null}},{"start":{"line":342,"column":24},"end":{"line":342,"column":null}}],"line":337},"29":{"loc":{"start":{"line":373,"column":59},"end":{"line":373,"column":null}},"type":"binary-expr","locations":[{"start":{"line":373,"column":59},"end":{"line":373,"column":86}},{"start":{"line":373,"column":86},"end":{"line":373,"column":null}}],"line":373},"30":{"loc":{"start":{"line":382,"column":13},"end":{"line":382,"column":null}},"type":"cond-expr","locations":[{"start":{"line":382,"column":30},"end":{"line":382,"column":null}},{"start":{"line":382,"column":98},"end":{"line":382,"column":null}}],"line":382},"31":{"loc":{"start":{"line":386,"column":9},"end":{"line":395,"column":null}},"type":"cond-expr","locations":[{"start":{"line":387,"column":10},"end":{"line":395,"column":null}},{"start":{"line":395,"column":12},"end":{"line":395,"column":null}}],"line":386},"32":{"loc":{"start":{"line":397,"column":9},"end":{"line":527,"column":null}},"type":"cond-expr","locations":[{"start":{"line":398,"column":10},"end":{"line":527,"column":null}},{"start":{"line":527,"column":12},"end":{"line":527,"column":null}}],"line":397},"33":{"loc":{"start":{"line":466,"column":33},"end":{"line":466,"column":104}},"type":"cond-expr","locations":[{"start":{"line":466,"column":58},"end":{"line":466,"column":74}},{"start":{"line":466,"column":74},"end":{"line":466,"column":104}}],"line":466},"34":{"loc":{"start":{"line":480,"column":33},"end":{"line":480,"column":91}},"type":"cond-expr","locations":[{"start":{"line":480,"column":58},"end":{"line":480,"column":74}},{"start":{"line":480,"column":74},"end":{"line":480,"column":91}}],"line":480},"35":{"loc":{"start":{"line":494,"column":33},"end":{"line":494,"column":98}},"type":"cond-expr","locations":[{"start":{"line":494,"column":58},"end":{"line":494,"column":74}},{"start":{"line":494,"column":74},"end":{"line":494,"column":98}}],"line":494},"36":{"loc":{"start":{"line":508,"column":33},"end":{"line":508,"column":103}},"type":"cond-expr","locations":[{"start":{"line":508,"column":58},"end":{"line":508,"column":74}},{"start":{"line":508,"column":74},"end":{"line":508,"column":103}}],"line":508},"37":{"loc":{"start":{"line":522,"column":13},"end":{"line":522,"column":null}},"type":"cond-expr","locations":[{"start":{"line":522,"column":32},"end":{"line":522,"column":null}},{"start":{"line":522,"column":79},"end":{"line":522,"column":null}}],"line":522},"38":{"loc":{"start":{"line":525,"column":13},"end":{"line":525,"column":null}},"type":"cond-expr","locations":[{"start":{"line":525,"column":25},"end":{"line":525,"column":null}},{"start":{"line":525,"column":46},"end":{"line":525,"column":null}}],"line":525},"39":{"loc":{"start":{"line":529,"column":9},"end":{"line":535,"column":null}},"type":"cond-expr","locations":[{"start":{"line":530,"column":10},"end":{"line":535,"column":null}},{"start":{"line":535,"column":12},"end":{"line":535,"column":null}}],"line":529},"40":{"loc":{"start":{"line":555,"column":39},"end":{"line":555,"column":null}},"type":"cond-expr","locations":[{"start":{"line":555,"column":74},"end":{"line":555,"column":91}},{"start":{"line":555,"column":91},"end":{"line":555,"column":null}}],"line":555},"41":{"loc":{"start":{"line":564,"column":36},"end":{"line":564,"column":null}},"type":"cond-expr","locations":[{"start":{"line":564,"column":67},"end":{"line":564,"column":82}},{"start":{"line":564,"column":82},"end":{"line":564,"column":null}}],"line":564},"42":{"loc":{"start":{"line":567,"column":19},"end":{"line":567,"column":null}},"type":"cond-expr","locations":[{"start":{"line":567,"column":43},"end":{"line":567,"column":null}},{"start":{"line":567,"column":74},"end":{"line":567,"column":null}}],"line":567}},"s":{"0":1,"1":1,"2":1,"3":43,"4":43,"5":129,"6":43,"7":129,"8":43,"9":43,"10":43,"11":43,"12":43,"13":43,"14":43,"15":43,"16":43,"17":43,"18":43,"19":43,"20":43,"21":43,"22":43,"23":43,"24":43,"25":43,"26":43,"27":43,"28":17,"29":17,"30":43,"31":43,"32":18,"33":18,"34":18,"35":0,"36":18,"37":18,"38":18,"39":18,"40":0,"41":18,"42":18,"43":18,"44":43,"45":17,"46":17,"47":2,"48":43,"49":17,"50":0,"51":0,"52":17,"53":0,"54":17,"55":0,"56":17,"57":17,"58":17,"59":17,"60":17,"61":17,"62":17,"63":43,"64":1,"65":1,"66":43,"67":2,"68":2,"69":2,"70":0,"71":2,"72":0,"73":43,"74":0,"75":0,"76":43,"77":43,"78":0,"79":0,"80":0,"81":0,"82":0,"83":43,"84":1,"85":1,"86":1,"87":0,"88":0,"89":0,"90":0,"91":0,"92":0,"93":0,"94":0,"95":43,"96":1,"97":1,"98":2,"99":9,"100":63,"101":0,"102":0,"103":0,"104":0,"105":0,"106":0,"107":0,"108":1,"109":1,"110":0,"111":1,"112":1,"113":1,"114":1,"115":1,"116":0,"117":0,"118":0,"119":0,"120":0,"121":0,"122":2,"123":105,"124":1,"125":0,"126":1,"127":0,"128":0,"129":1,"130":1,"131":0,"132":0,"133":0,"134":0,"135":1,"136":2,"137":2,"138":2,"139":2,"140":0,"141":2,"142":2,"143":2,"144":1,"145":1,"146":1,"147":1,"148":1,"149":0,"150":0,"151":0,"152":0,"153":1,"154":3,"155":0,"156":129,"157":0},"f":{"0":43,"1":129,"2":129,"3":17,"4":17,"5":18,"6":0,"7":18,"8":18,"9":0,"10":18,"11":17,"12":17,"13":17,"14":0,"15":0,"16":0,"17":17,"18":1,"19":1,"20":2,"21":0,"22":0,"23":0,"24":0,"25":1,"26":1,"27":1,"28":2,"29":9,"30":63,"31":0,"32":1,"33":0,"34":2,"35":105,"36":1,"37":0,"38":1,"39":0,"40":0,"41":1,"42":1,"43":0,"44":0,"45":0,"46":0,"47":1,"48":2,"49":2,"50":1,"51":0,"52":1,"53":3,"54":0,"55":129,"56":0},"b":{"0":[17,0],"1":[43,40],"2":[0,0],"3":[2,15],"4":[0,2],"5":[0,43],"6":[43,0],"7":[0,0],"8":[1,0],"9":[0,0],"10":[0,0],"11":[21,22],"12":[1,42],"13":[3,40],"14":[18,25],"15":[0,43],"16":[1,42],"17":[43,43],"18":[0,43],"19":[43,0],"20":[21,22],"21":[42,21],"22":[0,63],"23":[0,0],"24":[0,0],"25":[2,19],"26":[0,1],"27":[1,0],"28":[0,0],"29":[0,0],"30":[0,21],"31":[3,40],"32":[18,25],"33":[0,0],"34":[1,0],"35":[1,0],"36":[0,0],"37":[4,14],"38":[2,16],"39":[1,42],"40":[43,86],"41":[86,43],"42":[86,43]},"meta":{"lastBranch":43,"lastFunction":57,"lastStatement":158,"seen":{"s:40:38:59:Infinity":0,"s:61:23:61:Infinity":1,"s:63:23:66:2":2,"f:68:9:68:15":0,"s:69:18:69:101":3,"s:70:8:70:71":4,"f:70:27:70:39":1,"s:70:49:70:71":5,"s:71:8:71:77":6,"f:71:30:71:42":2,"s:71:52:71:77":7,"s:72:16:72:40":8,"s:73:19:73:73":9,"s:74:25:74:73":10,"s:75:32:75:82":11,"s:76:23:76:57":12,"s:77:25:77:109":13,"s:78:16:78:62":14,"s:79:18:84:4":15,"s:85:23:85:89":16,"s:86:22:86:67":17,"s:87:24:87:56":18,"s:88:27:88:62":19,"s:89:20:89:65":20,"s:90:21:90:69":21,"s:92:10:92:36":22,"s:93:83:93:103":23,"s:94:10:94:30":24,"s:96:8:96:46":25,"s:97:8:97:49":26,"s:99:8:109:Infinity":27,"f:99:25:99:Infinity":3,"s:101:6:108:Infinity":28,"b:101:6:101:53:101:57:108:Infinity":0,"f:101:15:101:21":4,"s:101:27:101:53":29,"s:112:22:112:Infinity":30,"b:112:22:112:49:112:49:112:Infinity":1,"s:114:2:134:Infinity":31,"f:114:2:114:18":5,"s:115:15:115:35":32,"s:116:4:116:Infinity":33,"s:118:4:120:Infinity":34,"f:118:24:118:38":6,"s:119:6:119:Infinity":35,"s:122:4:124:Infinity":36,"f:122:24:122:39":7,"s:123:6:123:Infinity":37,"s:126:4:128:Infinity":38,"f:126:24:126:39":8,"s:127:6:127:Infinity":39,"f:127:6:127:25":9,"s:127:38:127:86":40,"b:127:64:127:77:127:77:127:86":2,"s:130:4:132:Infinity":41,"f:130:4:130:17":10,"s:131:6:131:Infinity":42,"s:132:6:132:Infinity":43,"s:136:2:142:Infinity":44,"f:136:2:136:18":11,"s:137:4:139:Infinity":45,"f:137:4:137:17":12,"b:138:6:139:Infinity:undefined:undefined:undefined:undefined":3,"s:138:6:139:Infinity":46,"s:139:8:139:Infinity":47,"s:144:2:162:Infinity":48,"f:144:2:144:18":13,"s:145:10:147:Infinity":49,"f:145:10:145:29":14,"s:146:6:146:Infinity":50,"s:147:6:147:Infinity":51,"s:150:10:150:48":52,"f:150:10:150:27":15,"s:150:27:150:48":53,"s:151:10:151:48":54,"f:151:10:151:28":16,"s:151:28:151:48":55,"s:153:4:153:Infinity":56,"s:154:4:154:Infinity":57,"s:155:4:155:Infinity":58,"s:157:4:160:Infinity":59,"f:157:4:157:17":17,"s:158:6:158:Infinity":60,"s:159:6:159:Infinity":61,"s:160:6:160:Infinity":62,"s:164:8:164:75":63,"f:164:8:164:20":18,"s:164:38:164:75":64,"f:164:38:164:48":19,"s:164:57:164:75":65,"s:166:8:174:Infinity":66,"f:166:8:166:20":20,"s:167:4:167:Infinity":67,"s:168:4:168:Infinity":68,"b:169:4:170:Infinity:undefined:undefined:undefined:undefined":4,"s:169:4:170:Infinity":69,"s:170:6:170:Infinity":70,"s:172:4:174:Infinity":71,"f:172:33:172:50":21,"s:173:6:173:Infinity":72,"s:177:8:178:Infinity":73,"f:177:8:177:25":22,"s:178:4:178:Infinity":74,"f:178:4:178:30":23,"s:178:39:178:74":75,"s:182:4:186:Infinity":76,"b:183:8:183:Infinity:184:8:186:Infinity":5,"b:185:10:185:Infinity:186:10:186:Infinity":6,"s:188:22:194:Infinity":77,"f:188:22:188:34":24,"b:189:4:190:Infinity:undefined:undefined:undefined:undefined":7,"s:189:4:190:Infinity":78,"s:190:6:190:Infinity":79,"s:192:4:192:Infinity":80,"s:193:4:193:Infinity":81,"s:194:4:194:Infinity":82,"s:197:22:217:Infinity":83,"f:197:22:197:34":25,"b:198:4:200:Infinity:undefined:undefined:undefined:undefined":8,"s:198:4:200:Infinity":84,"s:199:6:199:Infinity":85,"s:200:6:200:Infinity":86,"s:203:23:203:61":87,"b:204:4:206:Infinity:undefined:undefined:undefined:undefined":9,"s:204:4:206:Infinity":88,"s:205:6:205:Infinity":89,"s:206:6:206:Infinity":90,"s:209:4:209:Infinity":91,"b:211:4:217:Infinity:undefined:undefined:undefined:undefined":10,"s:211:4:217:Infinity":92,"s:212:27:212:Infinity":93,"s:213:6:217:Infinity":94,"s:221:2:572:Infinity":95,"b:232:58:232:69:232:69:232:Infinity":11,"f:234:12:234:27":26,"s:234:27:234:46":96,"b:239:62:239:73:239:73:239:Infinity":12,"f:241:12:241:27":27,"s:241:27:241:50":97,"b:246:65:246:76:246:76:246:Infinity":13,"f:248:12:248:27":28,"s:248:27:248:53":98,"b:253:60:253:71:253:71:253:Infinity":14,"f:255:12:255:27":29,"s:255:27:255:48":99,"b:266:32:266:56:266:56:266:85":15,"b:267:36:267:59:267:59:267:92":16,"b:268:18:268:41:268:41:268:43":17,"b:270:12:273:Infinity:273:14:273:Infinity":18,"b:283:72:283:77:283:77:283:Infinity":19,"b:289:10:383:Infinity:384:12:384:Infinity":20,"f:291:24:291:29":30,"s:292:16:312:Infinity":100,"b:292:78:292:91:292:91:292:Infinity":21,"b:295:20:310:Infinity:310:22:310:Infinity":22,"f:298:22:298:37":31,"s:299:37:299:105":101,"b:299:47:299:77:299:77:299:80":23,"s:300:36:300:61":102,"s:301:39:301:66":103,"s:302:24:302:Infinity":104,"s:303:24:303:Infinity":105,"b:303:42:303:69:303:69:303:Infinity":24,"s:304:24:304:Infinity":106,"s:305:24:305:Infinity":107,"b:316:28:316:Infinity:316:87:316:Infinity":25,"f:320:24:320:31":32,"s:321:16:321:Infinity":108,"b:322:16:322:Infinity:undefined:undefined:undefined:undefined":26,"s:322:16:322:Infinity":109,"s:322:34:322:Infinity":110,"s:324:30:324:Infinity":111,"b:324:30:324:39:324:39:324:Infinity":27,"s:325:34:325:61":112,"s:326:34:326:65":113,"s:327:27:327:46":114,"s:329:16:329:Infinity":115,"s:331:16:345:Infinity":116,"f:331:16:331:29":33,"s:331:38:344:Infinity":117,"b:338:24:341:Infinity:342:24:342:Infinity":28,"s:347:16:347:Infinity":118,"s:349:16:349:Infinity":119,"s:350:16:350:Infinity":120,"s:351:16:351:Infinity":121,"f:356:16:356:27":34,"s:356:37:356:65":122,"f:362:34:362:39":35,"s:363:20:365:Infinity":123,"f:363:54:363:69":36,"s:363:69:363:84":124,"f:373:20:373:31":37,"s:373:41:373:Infinity":125,"b:373:59:373:86:373:86:373:Infinity":29,"b:382:30:382:Infinity:382:98:382:Infinity":30,"b:387:10:395:Infinity:395:12:395:Infinity":31,"f:392:35:392:46":38,"s:392:56:392:88":126,"b:398:10:527:Infinity:527:12:527:Infinity":32,"f:404:16:404:27":39,"s:404:37:404:Infinity":127,"f:404:37:404:49":40,"s:404:59:404:Infinity":128,"f:411:16:411:27":41,"s:412:18:415:Infinity":129,"f:412:18:412:30":42,"s:412:40:415:Infinity":130,"f:424:16:424:27":43,"s:425:18:428:Infinity":131,"f:425:18:425:30":44,"s:425:40:428:Infinity":132,"f:437:16:437:27":45,"s:438:18:441:Infinity":133,"f:438:18:438:30":46,"s:438:40:441:Infinity":134,"f:452:16:452:27":47,"s:452:37:452:73":135,"f:460:16:460:31":48,"s:461:18:466:Infinity":136,"s:462:20:462:Infinity":137,"s:463:30:463:40":138,"s:464:20:464:Infinity":139,"s:466:20:466:Infinity":140,"b:466:58:466:74:466:74:466:104":33,"f:475:16:475:31":49,"s:476:18:480:Infinity":141,"s:477:20:477:Infinity":142,"s:478:20:478:Infinity":143,"s:480:20:480:Infinity":144,"b:480:58:480:74:480:74:480:91":34,"f:489:16:489:31":50,"s:490:18:494:Infinity":145,"s:491:20:491:Infinity":146,"s:492:20:492:Infinity":147,"s:494:20:494:Infinity":148,"b:494:58:494:74:494:74:494:98":35,"f:503:25:503:37":51,"s:504:18:508:Infinity":149,"s:505:20:505:Infinity":150,"s:506:20:506:Infinity":151,"s:508:20:508:Infinity":152,"b:508:58:508:74:508:74:508:103":36,"f:517:52:517:67":52,"s:517:67:517:75":153,"b:522:32:522:Infinity:522:79:522:Infinity":37,"b:525:25:525:Infinity:525:46:525:Infinity":38,"b:530:10:535:Infinity:535:12:535:Infinity":39,"f:533:25:533:33":53,"s:533:39:533:61":154,"f:538:33:538:38":54,"s:539:12:539:Infinity":155,"f:551:20:551:25":55,"s:552:12:570:Infinity":156,"b:555:74:555:91:555:91:555:Infinity":40,"f:556:16:556:31":56,"s:556:31:556:63":157,"b:564:67:564:82:564:82:564:Infinity":41,"b:567:43:567:Infinity:567:74:567:Infinity":42}}}
,"/home/mkd/Programacion/Bastion_Proyect/qrypta/cliente_web/src/components/ui/button.tsx": {"path":"/home/mkd/Programacion/Bastion_Proyect/qrypta/cliente_web/src/components/ui/button.tsx","statementMap":{"0":{"start":{"line":5,"column":6},"end":{"line":24,"column":null}},"1":{"start":{"line":31,"column":2},"end":{"line":31,"column":null}}},"fnMap":{"0":{"name":"Button","decl":{"start":{"line":30,"column":16},"end":{"line":30,"column":23}},"loc":{"start":{"line":30,"column":76},"end":{"line":31,"column":null}},"line":30}},"branchMap":{},"s":{"0":2,"1":113},"f":{"0":113},"b":{},"meta":{"lastBranch":0,"lastFunction":1,"lastStatement":2,"seen":{"s:5:6:24:Infinity":0,"f:30:16:30:23":0,"s:31:2:31:Infinity":1}}}
,"/home/mkd/Programacion/Bastion_Proyect/qrypta/cliente_web/src/hooks/useAuth.ts": {"path":"/home/mkd/Programacion/Bastion_Proyect/qrypta/cliente_web/src/hooks/useAuth.ts","statementMap":{"0":{"start":{"line":12,"column":16},"end":{"line":12,"column":66}},"1":{"start":{"line":12,"column":28},"end":{"line":12,"column":65}},"2":{"start":{"line":13,"column":21},"end":{"line":13,"column":72}},"3":{"start":{"line":15,"column":8},"end":{"line":19,"column":8}},"4":{"start":{"line":16,"column":10},"end":{"line":16,"column":44}},"5":{"start":{"line":17,"column":4},"end":{"line":17,"column":null}},"6":{"start":{"line":18,"column":4},"end":{"line":18,"column":null}},"7":{"start":{"line":21,"column":8},"end":{"line":26,"column":8}},"8":{"start":{"line":22,"column":10},"end":{"line":22,"column":44}},"9":{"start":{"line":23,"column":4},"end":{"line":23,"column":null}},"10":{"start":{"line":24,"column":4},"end":{"line":24,"column":null}},"11":{"start":{"line":25,"column":4},"end":{"line":25,"column":null}},"12":{"start":{"line":28,"column":8},"end":{"line":33,"column":8}},"13":{"start":{"line":29,"column":10},"end":{"line":29,"column":37}},"14":{"start":{"line":30,"column":4},"end":{"line":30,"column":null}},"15":{"start":{"line":31,"column":4},"end":{"line":31,"column":null}},"16":{"start":{"line":32,"column":4},"end":{"line":32,"column":null}},"17":{"start":{"line":35,"column":8},"end":{"line":38,"column":8}},"18":{"start":{"line":36,"column":4},"end":{"line":36,"column":null}},"19":{"start":{"line":37,"column":4},"end":{"line":37,"column":null}},"20":{"start":{"line":40,"column":8},"end":{"line":44,"column":8}},"21":{"start":{"line":41,"column":4},"end":{"line":41,"column":null}},"22":{"start":{"line":42,"column":4},"end":{"line":42,"column":null}},"23":{"start":{"line":43,"column":4},"end":{"line":43,"column":null}},"24":{"start":{"line":46,"column":2},"end":{"line":55,"column":null}}},"fnMap":{"0":{"name":"useAuth","decl":{"start":{"line":11,"column":16},"end":{"line":11,"column":26}},"loc":{"start":{"line":11,"column":26},"end":{"line":55,"column":null}},"line":11},"1":{"name":"(anonymous_1)","decl":{"start":{"line":12,"column":28},"end":{"line":12,"column":43}},"loc":{"start":{"line":12,"column":28},"end":{"line":12,"column":65}},"line":12},"2":{"name":"(anonymous_2)","decl":{"start":{"line":15,"column":19},"end":{"line":15,"column":37}},"loc":{"start":{"line":15,"column":37},"end":{"line":19,"column":7}},"line":15},"3":{"name":"(anonymous_3)","decl":{"start":{"line":21,"column":16},"end":{"line":21,"column":29}},"loc":{"start":{"line":21,"column":50},"end":{"line":26,"column":7}},"line":21},"4":{"name":"(anonymous_4)","decl":{"start":{"line":28,"column":18},"end":{"line":28,"column":36}},"loc":{"start":{"line":28,"column":36},"end":{"line":33,"column":7}},"line":28},"5":{"name":"(anonymous_5)","decl":{"start":{"line":35,"column":39},"end":{"line":35,"column":51}},"loc":{"start":{"line":35,"column":51},"end":{"line":38,"column":7}},"line":35},"6":{"name":"(anonymous_6)","decl":{"start":{"line":40,"column":17},"end":{"line":40,"column":35}},"loc":{"start":{"line":40,"column":35},"end":{"line":44,"column":7}},"line":40}},"branchMap":{},"s":{"0":55,"1":22,"2":55,"3":55,"4":6,"5":6,"6":6,"7":55,"8":5,"9":5,"10":5,"11":5,"12":55,"13":2,"14":2,"15":2,"16":2,"17":55,"18":0,"19":0,"20":55,"21":2,"22":2,"23":2,"24":55},"f":{"0":55,"1":22,"2":6,"3":5,"4":2,"5":0,"6":2},"b":{},"meta":{"lastBranch":0,"lastFunction":7,"lastStatement":25,"seen":{"f:11:16:11:26":0,"s:12:16:12:66":0,"f:12:28:12:43":1,"s:12:28:12:65":1,"s:13:21:13:72":2,"s:15:8:19:8":3,"f:15:19:15:37":2,"s:16:10:16:44":4,"s:17:4:17:Infinity":5,"s:18:4:18:Infinity":6,"s:21:8:26:8":7,"f:21:16:21:29":3,"s:22:10:22:44":8,"s:23:4:23:Infinity":9,"s:24:4:24:Infinity":10,"s:25:4:25:Infinity":11,"s:28:8:33:8":12,"f:28:18:28:36":4,"s:29:10:29:37":13,"s:30:4:30:Infinity":14,"s:31:4:31:Infinity":15,"s:32:4:32:Infinity":16,"s:35:8:38:8":17,"f:35:39:35:51":5,"s:36:4:36:Infinity":18,"s:37:4:37:Infinity":19,"s:40:8:44:8":20,"f:40:17:40:35":6,"s:41:4:41:Infinity":21,"s:42:4:42:Infinity":22,"s:43:4:43:Infinity":23,"s:46:2:55:Infinity":24}}}
,"/home/mkd/Programacion/Bastion_Proyect/qrypta/cliente_web/src/hooks/useChat.ts": {"path":"/home/mkd/Programacion/Bastion_Proyect/qrypta/cliente_web/src/hooks/useChat.ts","statementMap":{"0":{"start":{"line":5,"column":8},"end":{"line":9,"column":4}},"1":{"start":{"line":11,"column":2},"end":{"line":13,"column":null}}},"fnMap":{"0":{"name":"useChat","decl":{"start":{"line":4,"column":16},"end":{"line":4,"column":26}},"loc":{"start":{"line":4,"column":26},"end":{"line":13,"column":null}},"line":4}},"branchMap":{},"s":{"0":43,"1":43},"f":{"0":43},"b":{},"meta":{"lastBranch":0,"lastFunction":1,"lastStatement":2,"seen":{"f:4:16:4:26":0,"s:5:8:9:4":0,"s:11:2:13:Infinity":1}}}
,"/home/mkd/Programacion/Bastion_Proyect/qrypta/cliente_web/src/hooks/useContacts.ts": {"path":"/home/mkd/Programacion/Bastion_Proyect/qrypta/cliente_web/src/hooks/useContacts.ts","statementMap":{"0":{"start":{"line":4,"column":8},"end":{"line":31,"column":null}},"1":{"start":{"line":5,"column":10},"end":{"line":30,"column":null}},"2":{"start":{"line":34,"column":2},"end":{"line":36,"column":null}}},"fnMap":{"0":{"name":"useContacts","decl":{"start":{"line":3,"column":16},"end":{"line":3,"column":30}},"loc":{"start":{"line":3,"column":30},"end":{"line":36,"column":null}},"line":3},"1":{"name":"(anonymous_1)","decl":{"start":{"line":4,"column":19},"end":{"line":4,"column":null}},"loc":{"start":{"line":5,"column":10},"end":{"line":30,"column":null}},"line":5}},"branchMap":{},"s":{"0":47,"1":20,"2":47},"f":{"0":47,"1":20},"b":{},"meta":{"lastBranch":0,"lastFunction":2,"lastStatement":3,"seen":{"f:3:16:3:30":0,"s:4:8:31:Infinity":0,"f:4:19:4:Infinity":1,"s:5:10:30:Infinity":1,"s:34:2:36:Infinity":2}}}
,"/home/mkd/Programacion/Bastion_Proyect/qrypta/cliente_web/src/lib/utils.ts": {"path":"/home/mkd/Programacion/Bastion_Proyect/qrypta/cliente_web/src/lib/utils.ts","statementMap":{"0":{"start":{"line":5,"column":2},"end":{"line":5,"column":null}}},"fnMap":{"0":{"name":"cn","decl":{"start":{"line":4,"column":16},"end":{"line":4,"column":19}},"loc":{"start":{"line":4,"column":44},"end":{"line":5,"column":null}},"line":4}},"branchMap":{},"s":{"0":119},"f":{"0":119},"b":{},"meta":{"lastBranch":0,"lastFunction":1,"lastStatement":1,"seen":{"f:4:16:4:19":0,"s:5:2:5:Infinity":0}}}
,"/home/mkd/Programacion/Bastion_Proyect/qrypta/cliente_web/src/services/authService.ts": {"path":"/home/mkd/Programacion/Bastion_Proyect/qrypta/cliente_web/src/services/authService.ts","statementMap":{"0":{"start":{"line":9,"column":25},"end":{"line":9,"column":null}},"1":{"start":{"line":10,"column":26},"end":{"line":10,"column":null}},"2":{"start":{"line":11,"column":23},"end":{"line":11,"column":null}},"3":{"start":{"line":12,"column":21},"end":{"line":12,"column":null}},"4":{"start":{"line":15,"column":2},"end":{"line":15,"column":null}},"5":{"start":{"line":19,"column":17},"end":{"line":19,"column":71}},"6":{"start":{"line":20,"column":15},"end":{"line":20,"column":48}},"7":{"start":{"line":21,"column":20},"end":{"line":21,"column":49}},"8":{"start":{"line":22,"column":2},"end":{"line":22,"column":null}},"9":{"start":{"line":26,"column":2},"end":{"line":26,"column":null}},"10":{"start":{"line":30,"column":2},"end":{"line":30,"column":null}},"11":{"start":{"line":31,"column":2},"end":{"line":31,"column":null}},"12":{"start":{"line":32,"column":2},"end":{"line":32,"column":null}},"13":{"start":{"line":36,"column":2},"end":{"line":36,"column":null}},"14":{"start":{"line":37,"column":2},"end":{"line":37,"column":null}},"15":{"start":{"line":38,"column":2},"end":{"line":38,"column":null}},"16":{"start":{"line":42,"column":19},"end":{"line":42,"column":46}},"17":{"start":{"line":43,"column":2},"end":{"line":43,"column":null}},"18":{"start":{"line":44,"column":2},"end":{"line":44,"column":null}},"19":{"start":{"line":48,"column":19},"end":{"line":48,"column":78}},"20":{"start":{"line":49,"column":2},"end":{"line":50,"column":null}},"21":{"start":{"line":50,"column":4},"end":{"line":50,"column":null}},"22":{"start":{"line":53,"column":2},"end":{"line":53,"column":null}},"23":{"start":{"line":55,"column":20},"end":{"line":55,"column":null}},"24":{"start":{"line":56,"column":22},"end":{"line":56,"column":110}},"25":{"start":{"line":57,"column":23},"end":{"line":57,"column":112}},"26":{"start":{"line":59,"column":15},"end":{"line":59,"column":null}},"27":{"start":{"line":60,"column":2},"end":{"line":60,"column":null}},"28":{"start":{"line":61,"column":2},"end":{"line":61,"column":null}},"29":{"start":{"line":65,"column":2},"end":{"line":65,"column":null}},"30":{"start":{"line":69,"column":2},"end":{"line":69,"column":null}},"31":{"start":{"line":73,"column":23},"end":{"line":73,"column":46}},"32":{"start":{"line":74,"column":2},"end":{"line":75,"column":null}},"33":{"start":{"line":75,"column":4},"end":{"line":75,"column":null}},"34":{"start":{"line":78,"column":20},"end":{"line":78,"column":null}},"35":{"start":{"line":79,"column":22},"end":{"line":79,"column":110}},"36":{"start":{"line":80,"column":15},"end":{"line":80,"column":null}},"37":{"start":{"line":81,"column":2},"end":{"line":81,"column":null}},"38":{"start":{"line":82,"column":2},"end":{"line":82,"column":null}},"39":{"start":{"line":86,"column":2},"end":{"line":86,"column":null}},"40":{"start":{"line":90,"column":2},"end":{"line":91,"column":null}},"41":{"start":{"line":91,"column":4},"end":{"line":91,"column":null}},"42":{"start":{"line":94,"column":20},"end":{"line":94,"column":62}},"43":{"start":{"line":95,"column":17},"end":{"line":95,"column":59}},"44":{"start":{"line":97,"column":2},"end":{"line":114,"column":null}},"45":{"start":{"line":116,"column":2},"end":{"line":116,"column":null}}},"fnMap":{"0":{"name":"toB64Url","decl":{"start":{"line":14,"column":9},"end":{"line":14,"column":18}},"loc":{"start":{"line":14,"column":32},"end":{"line":15,"column":null}},"line":14},"1":{"name":"buildToken","decl":{"start":{"line":18,"column":9},"end":{"line":18,"column":20}},"loc":{"start":{"line":18,"column":62},"end":{"line":22,"column":null}},"line":18},"2":{"name":"nowMs","decl":{"start":{"line":25,"column":9},"end":{"line":25,"column":17}},"loc":{"start":{"line":25,"column":17},"end":{"line":26,"column":null}},"line":25},"3":{"name":"persist","decl":{"start":{"line":29,"column":9},"end":{"line":29,"column":17}},"loc":{"start":{"line":29,"column":34},"end":{"line":32,"column":null}},"line":29},"4":{"name":"clearPersisted","decl":{"start":{"line":35,"column":9},"end":{"line":35,"column":26}},"loc":{"start":{"line":35,"column":26},"end":{"line":38,"column":null}},"line":35},"5":{"name":"registerLocalIdentity","decl":{"start":{"line":41,"column":16},"end":{"line":41,"column":40}},"loc":{"start":{"line":41,"column":40},"end":{"line":44,"column":null}},"line":41},"6":{"name":"loginWithMnemonic","decl":{"start":{"line":47,"column":16},"end":{"line":47,"column":34}},"loc":{"start":{"line":47,"column":61},"end":{"line":61,"column":null}},"line":47},"7":{"name":"getStoredAccessToken","decl":{"start":{"line":64,"column":16},"end":{"line":64,"column":39}},"loc":{"start":{"line":64,"column":39},"end":{"line":65,"column":null}},"line":64},"8":{"name":"getStoredRefreshToken","decl":{"start":{"line":68,"column":16},"end":{"line":68,"column":40}},"loc":{"start":{"line":68,"column":40},"end":{"line":69,"column":null}},"line":68},"9":{"name":"refreshAccessToken","decl":{"start":{"line":72,"column":16},"end":{"line":72,"column":37}},"loc":{"start":{"line":72,"column":37},"end":{"line":82,"column":null}},"line":72},"10":{"name":"logoutSession","decl":{"start":{"line":85,"column":16},"end":{"line":85,"column":32}},"loc":{"start":{"line":85,"column":32},"end":{"line":86,"column":null}},"line":85},"11":{"name":"registerWebAuthnCredential","decl":{"start":{"line":89,"column":22},"end":{"line":89,"column":51}},"loc":{"start":{"line":89,"column":51},"end":{"line":116,"column":null}},"line":89}},"branchMap":{"0":{"loc":{"start":{"line":49,"column":2},"end":{"line":50,"column":null}},"type":"if","locations":[{"start":{"line":49,"column":2},"end":{"line":50,"column":null}},{"start":{},"end":{}}],"line":49},"1":{"loc":{"start":{"line":65,"column":9},"end":{"line":65,"column":null}},"type":"binary-expr","locations":[{"start":{"line":65,"column":9},"end":{"line":65,"column":47}},{"start":{"line":65,"column":51},"end":{"line":65,"column":null}}],"line":65},"2":{"loc":{"start":{"line":69,"column":9},"end":{"line":69,"column":null}},"type":"binary-expr","locations":[{"start":{"line":69,"column":9},"end":{"line":69,"column":48}},{"start":{"line":69,"column":52},"end":{"line":69,"column":null}}],"line":69},"3":{"loc":{"start":{"line":74,"column":2},"end":{"line":75,"column":null}},"type":"if","locations":[{"start":{"line":74,"column":2},"end":{"line":75,"column":null}},{"start":{},"end":{}}],"line":74},"4":{"loc":{"start":{"line":90,"column":2},"end":{"line":91,"column":null}},"type":"if","locations":[{"start":{"line":90,"column":2},"end":{"line":91,"column":null}},{"start":{},"end":{}}],"line":90},"5":{"loc":{"start":{"line":90,"column":6},"end":{"line":90,"column":94}},"type":"binary-expr","locations":[{"start":{"line":90,"column":6},"end":{"line":90,"column":39}},{"start":{"line":90,"column":39},"end":{"line":90,"column":70}},{"start":{"line":90,"column":70},"end":{"line":90,"column":94}}],"line":90},"6":{"loc":{"start":{"line":99,"column":36},"end":{"line":99,"column":77}},"type":"binary-expr","locations":[{"start":{"line":99,"column":36},"end":{"line":99,"column":64}},{"start":{"line":99,"column":64},"end":{"line":99,"column":77}}],"line":99}},"s":{"0":3,"1":3,"2":3,"3":3,"4":48,"5":16,"6":16,"7":16,"8":16,"9":16,"10":9,"11":9,"12":9,"13":3,"14":3,"15":3,"16":10,"17":10,"18":10,"19":9,"20":9,"21":2,"22":7,"23":7,"24":7,"25":7,"26":7,"27":7,"28":7,"29":25,"30":6,"31":4,"32":4,"33":2,"34":2,"35":2,"36":2,"37":2,"38":2,"39":3,"40":0,"41":0,"42":0,"43":0,"44":0,"45":0},"f":{"0":48,"1":16,"2":16,"3":9,"4":3,"5":10,"6":9,"7":25,"8":6,"9":4,"10":3,"11":0},"b":{"0":[2,7],"1":[25,23],"2":[6,3],"3":[2,2],"4":[0,0],"5":[0,0,0],"6":[0,0]},"meta":{"lastBranch":7,"lastFunction":12,"lastStatement":46,"seen":{"s:9:25:9:Infinity":0,"s:10:26:10:Infinity":1,"s:11:23:11:Infinity":2,"s:12:21:12:Infinity":3,"f:14:9:14:18":0,"s:15:2:15:Infinity":4,"f:18:9:18:20":1,"s:19:17:19:71":5,"s:20:15:20:48":6,"s:21:20:21:49":7,"s:22:2:22:Infinity":8,"f:25:9:25:17":2,"s:26:2:26:Infinity":9,"f:29:9:29:17":3,"s:30:2:30:Infinity":10,"s:31:2:31:Infinity":11,"s:32:2:32:Infinity":12,"f:35:9:35:26":4,"s:36:2:36:Infinity":13,"s:37:2:37:Infinity":14,"s:38:2:38:Infinity":15,"f:41:16:41:40":5,"s:42:19:42:46":16,"s:43:2:43:Infinity":17,"s:44:2:44:Infinity":18,"f:47:16:47:34":6,"s:48:19:48:78":19,"b:49:2:50:Infinity:undefined:undefined:undefined:undefined":0,"s:49:2:50:Infinity":20,"s:50:4:50:Infinity":21,"s:53:2:53:Infinity":22,"s:55:20:55:Infinity":23,"s:56:22:56:110":24,"s:57:23:57:112":25,"s:59:15:59:Infinity":26,"s:60:2:60:Infinity":27,"s:61:2:61:Infinity":28,"f:64:16:64:39":7,"s:65:2:65:Infinity":29,"b:65:9:65:47:65:51:65:Infinity":1,"f:68:16:68:40":8,"s:69:2:69:Infinity":30,"b:69:9:69:48:69:52:69:Infinity":2,"f:72:16:72:37":9,"s:73:23:73:46":31,"b:74:2:75:Infinity:undefined:undefined:undefined:undefined":3,"s:74:2:75:Infinity":32,"s:75:4:75:Infinity":33,"s:78:20:78:Infinity":34,"s:79:22:79:110":35,"s:80:15:80:Infinity":36,"s:81:2:81:Infinity":37,"s:82:2:82:Infinity":38,"f:85:16:85:32":10,"s:86:2:86:Infinity":39,"f:89:22:89:51":11,"b:90:2:91:Infinity:undefined:undefined:undefined:undefined":4,"s:90:2:91:Infinity":40,"b:90:6:90:39:90:39:90:70:90:70:90:94":5,"s:91:4:91:Infinity":41,"s:94:20:94:62":42,"s:95:17:95:59":43,"s:97:2:114:Infinity":44,"b:99:36:99:64:99:64:99:77":6,"s:116:2:116:Infinity":45}}}
,"/home/mkd/Programacion/Bastion_Proyect/qrypta/cliente_web/src/services/cryptoService.ts": {"path":"/home/mkd/Programacion/Bastion_Proyect/qrypta/cliente_web/src/services/cryptoService.ts","statementMap":{"0":{"start":{"line":1,"column":23},"end":{"line":1,"column":null}},"1":{"start":{"line":4,"column":19},"end":{"line":4,"column":57}},"2":{"start":{"line":5,"column":2},"end":{"line":7,"column":null}},"3":{"start":{"line":6,"column":16},"end":{"line":6,"column":77}},"4":{"start":{"line":6,"column":58},"end":{"line":6,"column":76}},"5":{"start":{"line":7,"column":4},"end":{"line":7,"column":null}},"6":{"start":{"line":10,"column":14},"end":{"line":10,"column":56}},"7":{"start":{"line":11,"column":2},"end":{"line":11,"column":null}},"8":{"start":{"line":12,"column":2},"end":{"line":12,"column":null}},"9":{"start":{"line":16,"column":14},"end":{"line":16,"column":43}},"10":{"start":{"line":17,"column":16},"end":{"line":17,"column":58}},"11":{"start":{"line":18,"column":23},"end":{"line":21,"column":null}},"12":{"start":{"line":24,"column":18},"end":{"line":27,"column":null}},"13":{"start":{"line":29,"column":2},"end":{"line":29,"column":null}},"14":{"start":{"line":33,"column":18},"end":{"line":33,"column":46}},"15":{"start":{"line":34,"column":14},"end":{"line":34,"column":43}},"16":{"start":{"line":35,"column":16},"end":{"line":35,"column":82}},"17":{"start":{"line":35,"column":63},"end":{"line":35,"column":81}},"18":{"start":{"line":36,"column":17},"end":{"line":36,"column":84}},"19":{"start":{"line":36,"column":65},"end":{"line":36,"column":83}},"20":{"start":{"line":38,"column":22},"end":{"line":41,"column":null}},"21":{"start":{"line":44,"column":2},"end":{"line":44,"column":null}}},"fnMap":{"0":{"name":"getOrCreateSessionKey","decl":{"start":{"line":3,"column":22},"end":{"line":3,"column":66}},"loc":{"start":{"line":3,"column":66},"end":{"line":12,"column":null}},"line":3},"1":{"name":"(anonymous_1)","decl":{"start":{"line":6,"column":46},"end":{"line":6,"column":49}},"loc":{"start":{"line":6,"column":58},"end":{"line":6,"column":76}},"line":6},"2":{"name":"encryptMessage","decl":{"start":{"line":15,"column":22},"end":{"line":15,"column":37}},"loc":{"start":{"line":15,"column":73},"end":{"line":29,"column":null}},"line":15},"3":{"name":"decryptMessage","decl":{"start":{"line":32,"column":22},"end":{"line":32,"column":37}},"loc":{"start":{"line":32,"column":74},"end":{"line":44,"column":null}},"line":32},"4":{"name":"(anonymous_4)","decl":{"start":{"line":35,"column":51},"end":{"line":35,"column":54}},"loc":{"start":{"line":35,"column":63},"end":{"line":35,"column":81}},"line":35},"5":{"name":"(anonymous_5)","decl":{"start":{"line":36,"column":53},"end":{"line":36,"column":56}},"loc":{"start":{"line":36,"column":65},"end":{"line":36,"column":83}},"line":36}},"branchMap":{"0":{"loc":{"start":{"line":5,"column":2},"end":{"line":7,"column":null}},"type":"if","locations":[{"start":{"line":5,"column":2},"end":{"line":7,"column":null}},{"start":{},"end":{}}],"line":5}},"s":{"0":2,"1":9,"2":9,"3":7,"4":224,"5":7,"6":2,"7":2,"8":2,"9":7,"10":7,"11":7,"12":7,"13":7,"14":2,"15":2,"16":2,"17":24,"18":2,"19":69,"20":2,"21":2},"f":{"0":9,"1":224,"2":7,"3":2,"4":24,"5":69},"b":{"0":[7,2]},"meta":{"lastBranch":1,"lastFunction":6,"lastStatement":22,"seen":{"s:1:23:1:Infinity":0,"f:3:22:3:66":0,"s:4:19:4:57":1,"b:5:2:7:Infinity:undefined:undefined:undefined:undefined":0,"s:5:2:7:Infinity":2,"s:6:16:6:77":3,"f:6:46:6:49":1,"s:6:58:6:76":4,"s:7:4:7:Infinity":5,"s:10:14:10:56":6,"s:11:2:11:Infinity":7,"s:12:2:12:Infinity":8,"f:15:22:15:37":2,"s:16:14:16:43":9,"s:17:16:17:58":10,"s:18:23:21:Infinity":11,"s:24:18:27:Infinity":12,"s:29:2:29:Infinity":13,"f:32:22:32:37":3,"s:33:18:33:46":14,"s:34:14:34:43":15,"s:35:16:35:82":16,"f:35:51:35:54":4,"s:35:63:35:81":17,"s:36:17:36:84":18,"f:36:53:36:56":5,"s:36:65:36:83":19,"s:38:22:41:Infinity":20,"s:44:2:44:Infinity":21}}}
,"/home/mkd/Programacion/Bastion_Proyect/qrypta/cliente_web/src/services/indexedDbService.ts": {"path":"/home/mkd/Programacion/Bastion_Proyect/qrypta/cliente_web/src/services/indexedDbService.ts","statementMap":{"0":{"start":{"line":1,"column":16},"end":{"line":1,"column":null}},"1":{"start":{"line":2,"column":19},"end":{"line":2,"column":null}},"2":{"start":{"line":5,"column":2},"end":{"line":17,"column":null}},"3":{"start":{"line":6,"column":20},"end":{"line":6,"column":46}},"4":{"start":{"line":8,"column":4},"end":{"line":11,"column":null}},"5":{"start":{"line":9,"column":17},"end":{"line":9,"column":null}},"6":{"start":{"line":10,"column":6},"end":{"line":11,"column":null}},"7":{"start":{"line":11,"column":8},"end":{"line":11,"column":null}},"8":{"start":{"line":15,"column":4},"end":{"line":15,"column":null}},"9":{"start":{"line":15,"column":30},"end":{"line":15,"column":53}},"10":{"start":{"line":16,"column":4},"end":{"line":16,"column":null}},"11":{"start":{"line":16,"column":28},"end":{"line":16,"column":49}},"12":{"start":{"line":21,"column":13},"end":{"line":21,"column":27}},"13":{"start":{"line":22,"column":2},"end":{"line":27,"column":null}},"14":{"start":{"line":23,"column":15},"end":{"line":23,"column":54}},"15":{"start":{"line":24,"column":4},"end":{"line":24,"column":null}},"16":{"start":{"line":25,"column":4},"end":{"line":25,"column":null}},"17":{"start":{"line":25,"column":26},"end":{"line":25,"column":35}},"18":{"start":{"line":26,"column":4},"end":{"line":26,"column":null}},"19":{"start":{"line":26,"column":23},"end":{"line":26,"column":39}},"20":{"start":{"line":31,"column":13},"end":{"line":31,"column":27}},"21":{"start":{"line":32,"column":2},"end":{"line":37,"column":null}},"22":{"start":{"line":33,"column":15},"end":{"line":33,"column":53}},"23":{"start":{"line":34,"column":20},"end":{"line":34,"column":55}},"24":{"start":{"line":35,"column":4},"end":{"line":35,"column":null}},"25":{"start":{"line":35,"column":30},"end":{"line":35,"column":111}},"26":{"start":{"line":36,"column":4},"end":{"line":36,"column":null}},"27":{"start":{"line":36,"column":28},"end":{"line":36,"column":49}}},"fnMap":{"0":{"name":"openDb","decl":{"start":{"line":4,"column":9},"end":{"line":4,"column":40}},"loc":{"start":{"line":4,"column":40},"end":{"line":17,"column":null}},"line":4},"1":{"name":"(anonymous_1)","decl":{"start":{"line":5,"column":13},"end":{"line":5,"column":22}},"loc":{"start":{"line":5,"column":42},"end":{"line":17,"column":null}},"line":5},"2":{"name":"(anonymous_2)","decl":{"start":{"line":8,"column":12},"end":{"line":8,"column":36}},"loc":{"start":{"line":8,"column":36},"end":{"line":11,"column":null}},"line":8},"3":{"name":"(anonymous_3)","decl":{"start":{"line":15,"column":12},"end":{"line":15,"column":30}},"loc":{"start":{"line":15,"column":30},"end":{"line":15,"column":53}},"line":15},"4":{"name":"(anonymous_4)","decl":{"start":{"line":16,"column":12},"end":{"line":16,"column":28}},"loc":{"start":{"line":16,"column":28},"end":{"line":16,"column":49}},"line":16},"5":{"name":"cacheMessage","decl":{"start":{"line":20,"column":22},"end":{"line":20,"column":35}},"loc":{"start":{"line":20,"column":95},"end":{"line":27,"column":null}},"line":20},"6":{"name":"(anonymous_6)","decl":{"start":{"line":22,"column":12},"end":{"line":22,"column":27}},"loc":{"start":{"line":22,"column":47},"end":{"line":27,"column":null}},"line":22},"7":{"name":"(anonymous_7)","decl":{"start":{"line":25,"column":7},"end":{"line":25,"column":26}},"loc":{"start":{"line":25,"column":26},"end":{"line":25,"column":35}},"line":25},"8":{"name":"(anonymous_8)","decl":{"start":{"line":26,"column":7},"end":{"line":26,"column":23}},"loc":{"start":{"line":26,"column":23},"end":{"line":26,"column":39}},"line":26},"9":{"name":"readCachedMessages","decl":{"start":{"line":30,"column":22},"end":{"line":30,"column":108}},"loc":{"start":{"line":30,"column":108},"end":{"line":37,"column":null}},"line":30},"10":{"name":"(anonymous_10)","decl":{"start":{"line":32,"column":13},"end":{"line":32,"column":22}},"loc":{"start":{"line":32,"column":42},"end":{"line":37,"column":null}},"line":32},"11":{"name":"(anonymous_11)","decl":{"start":{"line":35,"column":12},"end":{"line":35,"column":30}},"loc":{"start":{"line":35,"column":30},"end":{"line":35,"column":111}},"line":35},"12":{"name":"(anonymous_12)","decl":{"start":{"line":36,"column":12},"end":{"line":36,"column":28}},"loc":{"start":{"line":36,"column":28},"end":{"line":36,"column":49}},"line":36}},"branchMap":{"0":{"loc":{"start":{"line":10,"column":6},"end":{"line":11,"column":null}},"type":"if","locations":[{"start":{"line":10,"column":6},"end":{"line":11,"column":null}},{"start":{},"end":{}}],"line":10}},"s":{"0":2,"1":2,"2":24,"3":24,"4":24,"5":2,"6":2,"7":2,"8":24,"9":6,"10":24,"11":0,"12":4,"13":3,"14":3,"15":3,"16":3,"17":3,"18":3,"19":0,"20":20,"21":3,"22":3,"23":3,"24":3,"25":3,"26":3,"27":0},"f":{"0":24,"1":24,"2":2,"3":6,"4":0,"5":4,"6":3,"7":3,"8":0,"9":20,"10":3,"11":3,"12":0},"b":{"0":[2,0]},"meta":{"lastBranch":1,"lastFunction":13,"lastStatement":28,"seen":{"s:1:16:1:Infinity":0,"s:2:19:2:Infinity":1,"f:4:9:4:40":0,"s:5:2:17:Infinity":2,"f:5:13:5:22":1,"s:6:20:6:46":3,"s:8:4:11:Infinity":4,"f:8:12:8:36":2,"s:9:17:9:Infinity":5,"b:10:6:11:Infinity:undefined:undefined:undefined:undefined":0,"s:10:6:11:Infinity":6,"s:11:8:11:Infinity":7,"s:15:4:15:Infinity":8,"f:15:12:15:30":3,"s:15:30:15:53":9,"s:16:4:16:Infinity":10,"f:16:12:16:28":4,"s:16:28:16:49":11,"f:20:22:20:35":5,"s:21:13:21:27":12,"s:22:2:27:Infinity":13,"f:22:12:22:27":6,"s:23:15:23:54":14,"s:24:4:24:Infinity":15,"s:25:4:25:Infinity":16,"f:25:7:25:26":7,"s:25:26:25:35":17,"s:26:4:26:Infinity":18,"f:26:7:26:23":8,"s:26:23:26:39":19,"f:30:22:30:108":9,"s:31:13:31:27":20,"s:32:2:37:Infinity":21,"f:32:13:32:22":10,"s:33:15:33:53":22,"s:34:20:34:55":23,"s:35:4:35:Infinity":24,"f:35:12:35:30":11,"s:35:30:35:111":25,"s:36:4:36:Infinity":26,"f:36:12:36:28":12,"s:36:28:36:49":27}}}
,"/home/mkd/Programacion/Bastion_Proyect/qrypta/cliente_web/src/store/uiStore.ts": {"path":"/home/mkd/Programacion/Bastion_Proyect/qrypta/cliente_web/src/store/uiStore.ts","statementMap":{"0":{"start":{"line":11,"column":13},"end":{"line":22,"column":null}},"1":{"start":{"line":13,"column":14},"end":{"line":18,"column":null}},"2":{"start":{"line":15,"column":34},"end":{"line":15,"column":62}},"3":{"start":{"line":17,"column":27},"end":{"line":17,"column":null}},"4":{"start":{"line":17,"column":43},"end":{"line":17,"column":78}}},"fnMap":{"0":{"name":"(anonymous_0)","decl":{"start":{"line":12,"column":2},"end":{"line":12,"column":null}},"loc":{"start":{"line":13,"column":14},"end":{"line":18,"column":null}},"line":13},"1":{"name":"(anonymous_1)","decl":{"start":{"line":15,"column":6},"end":{"line":15,"column":27}},"loc":{"start":{"line":15,"column":34},"end":{"line":15,"column":62}},"line":15},"2":{"name":"(anonymous_2)","decl":{"start":{"line":17,"column":6},"end":{"line":17,"column":27}},"loc":{"start":{"line":17,"column":27},"end":{"line":17,"column":null}},"line":17},"3":{"name":"(anonymous_3)","decl":{"start":{"line":17,"column":27},"end":{"line":17,"column":32}},"loc":{"start":{"line":17,"column":43},"end":{"line":17,"column":78}},"line":17}},"branchMap":{},"s":{"0":2,"1":2,"2":1,"3":2,"4":2},"f":{"0":2,"1":1,"2":2,"3":2},"b":{},"meta":{"lastBranch":0,"lastFunction":4,"lastStatement":5,"seen":{"s:11:13:22:Infinity":0,"f:12:2:12:Infinity":0,"s:13:14:18:Infinity":1,"f:15:6:15:27":1,"s:15:34:15:62":2,"f:17:6:17:27":2,"s:17:27:17:Infinity":3,"f:17:27:17:32":3,"s:17:43:17:78":4}}}
}
